C51 COMPILER V9.60.0.0   DELAY                                                             03/29/2023 18:26:40 PAGE 1   


C51 COMPILER V9.60.0.0, COMPILATION OF MODULE DELAY
OBJECT MODULE PLACED IN .\Objects\delay.obj
COMPILER INVOKED BY: D:\MDK\C51\BIN\C51.EXE Libaray\System\delay.c OPTIMIZE(8,SPEED) BROWSE INCDIR(.\Libaray\System;.\Li
                    -baray\Hardware) DEBUG OBJECTEXTEND PRINT(.\Listings\delay.lst) TABS(2) OBJECT(.\Objects\delay.obj)

line level    source

   1          #include "delay.h"
   2          
   3          void Delay13us()    //@12.000MHz
   4          {
   5   1        unsigned char i;
   6   1      
   7   1        _nop_();
   8   1        _nop_();
   9   1        i = 36;
  10   1        while (--i);
  11   1      }
  12          


MODULE INFORMATION:   STATIC OVERLAYABLE
   CODE SIZE        =      7    ----
   CONSTANT SIZE    =   ----    ----
   XDATA SIZE       =   ----    ----
   PDATA SIZE       =   ----    ----
   DATA SIZE        =   ----    ----
   IDATA SIZE       =   ----    ----
   BIT SIZE         =   ----    ----
END OF MODULE INFORMATION.


C51 COMPILATION COMPLETE.  0 WARNING(S),  0 ERROR(S)
