C51 COMPILER V9.60.0.0   DEVICE                                                            03/29/2023 18:26:40 PAGE 1   


C51 COMPILER V9.60.0.0, COMPILATION OF MODULE DEVICE
OBJECT MODULE PLACED IN .\Objects\device.obj
COMPILER INVOKED BY: D:\MDK\C51\BIN\C51.EXE Libaray\Hardware\device.c OPTIMIZE(8,SPEED) BROWSE INCDIR(.\Libaray\System;.
                    -\Libaray\Hardware) DEBUG OBJECTEXTEND PRINT(.\Listings\device.lst) TABS(2) OBJECT(.\Objects\device.obj)

line level    source

   1          #include "device.h"
   2          
   3          
   4          void DeviceCtrl(u8 p2data,u8 p0data)
   5          {
   6   1        P0 = p0data; 
   7   1        P2 = (P2&0x1f)|p2data;
   8   1        P2 &= 0x1f;
   9   1      }


MODULE INFORMATION:   STATIC OVERLAYABLE
   CODE SIZE        =     13    ----
   CONSTANT SIZE    =   ----    ----
   XDATA SIZE       =   ----    ----
   PDATA SIZE       =   ----    ----
   DATA SIZE        =   ----    ----
   IDATA SIZE       =   ----    ----
   BIT SIZE         =   ----    ----
END OF MODULE INFORMATION.


C51 COMPILATION COMPLETE.  0 WARNING(S),  0 ERROR(S)
