C51 COMPILER V9.60.0.0   DS1302                                                            03/29/2023 18:26:40 PAGE 1   


C51 COMPILER V9.60.0.0, COMPILATION OF MODULE DS1302
OBJECT MODULE PLACED IN .\Objects\ds1302.obj
COMPILER INVOKED BY: D:\MDK\C51\BIN\C51.EXE Libaray\Hardware\ds1302.c OPTIMIZE(8,SPEED) BROWSE INCDIR(.\Libaray\System;.
                    -\Libaray\Hardware) DEBUG OBJECTEXTEND PRINT(.\Listings\ds1302.lst) TABS(2) OBJECT(.\Objects\ds1302.obj)

line level    source

   1          #include "ds1302.h"
   2          
   3          sbit SCK = P1^7;
   4          sbit SDA = P2^3;
   5          sbit RST = P1^3;
   6          
   7          
   8          //
   9          void Write_Ds1302(unsigned  char temp) 
  10          {
  11   1        unsigned char i;
  12   1        for (i=0;i<8;i++)       
  13   1        { 
  14   2          SCK = 0;
  15   2          SDA = temp&0x01;
  16   2          temp>>=1; 
  17   2          SCK=1;
  18   2        }
  19   1      }   
  20          
  21          //
  22          void Write_Ds1302_Byte( unsigned char address,unsigned char dat )     
  23          {
  24   1        RST=0;  _nop_();
  25   1        SCK=0;  _nop_();
  26   1        RST=1;  _nop_();  
  27   1        Write_Ds1302(address);  
  28   1        Write_Ds1302(dat);    
  29   1        RST=0; 
  30   1      }
  31          
  32          //
  33          unsigned char Read_Ds1302_Byte ( unsigned char address )
  34          {
  35   1        unsigned char i,temp=0x00;
  36   1        RST=0;  _nop_();
  37   1        SCK=0;  _nop_();
  38   1        RST=1;  _nop_();
  39   1        Write_Ds1302(address);
  40   1        for (i=0;i<8;i++)   
  41   1        {   
  42   2          SCK=0;
  43   2          temp>>=1; 
  44   2          if(SDA)
  45   2          temp|=0x80; 
  46   2          SCK=1;
  47   2        } 
  48   1        RST=0;  _nop_();
  49   1        SCK=0;  _nop_();
  50   1        SCK=1;  _nop_();
  51   1        SDA=0;  _nop_();
  52   1        SDA=1;  _nop_();
  53   1        return (temp);      
  54   1      }
C51 COMPILER V9.60.0.0   DS1302                                                            03/29/2023 18:26:40 PAGE 2   

  55          //**********************************************
  56          
  57          void SetClock(u8 hour,u8 min,u8 sec)
  58          {
  59   1        Write_Ds1302_Byte(0x8e,0x00);//关闭写保护
  60   1        Write_Ds1302_Byte(0x84,DecToBcd(hour));
  61   1        Write_Ds1302_Byte(0x82,DecToBcd(min));
  62   1        Write_Ds1302_Byte(0x80,DecToBcd(sec));
  63   1        Write_Ds1302_Byte(0x8e,0x80);//打开写保护
  64   1        
  65   1      }


MODULE INFORMATION:   STATIC OVERLAYABLE
   CODE SIZE        =    193    ----
   CONSTANT SIZE    =   ----    ----
   XDATA SIZE       =   ----    ----
   PDATA SIZE       =   ----    ----
   DATA SIZE        =   ----    ----
   IDATA SIZE       =   ----    ----
   BIT SIZE         =   ----    ----
END OF MODULE INFORMATION.


C51 COMPILATION COMPLETE.  0 WARNING(S),  0 ERROR(S)
