C51 COMPILER V9.60.0.0   IIC                                                               03/29/2023 18:26:40 PAGE 1   


C51 COMPILER V9.60.0.0, COMPILATION OF MODULE IIC
OBJECT MODULE PLACED IN .\Objects\iic.obj
COMPILER INVOKED BY: D:\MDK\C51\BIN\C51.EXE Libaray\Hardware\iic.c OPTIMIZE(8,SPEED) BROWSE INCDIR(.\Libaray\System;.\Li
                    -baray\Hardware) DEBUG OBJECTEXTEND PRINT(.\Listings\iic.lst) TABS(2) OBJECT(.\Objects\iic.obj)

line level    source

   1          #include "iic.h"
   2          
   3          #define DELAY_TIME  5
   4          
   5          sbit scl = P2^0;
   6          sbit sda = P2^1;
   7          
   8          //
   9          static void I2C_Delay(unsigned char n)
  10          {
  11   1          do
  12   1          {
  13   2              _nop_();_nop_();_nop_();_nop_();_nop_();
  14   2              _nop_();_nop_();_nop_();_nop_();_nop_();
  15   2              _nop_();_nop_();//_nop_();_nop_();_nop_();    
  16   2          }
  17   1          while(n--);       
  18   1      }
  19          
  20          //
  21          void I2CStart(void)
  22          {
  23   1          sda = 1;
  24   1          scl = 1;
  25   1        I2C_Delay(DELAY_TIME);
  26   1          sda = 0;
  27   1        I2C_Delay(DELAY_TIME);
  28   1          scl = 0;    
  29   1      }
  30          
  31          //
  32          void I2CStop(void)
  33          {
  34   1          sda = 0;
  35   1          scl = 1;
  36   1        I2C_Delay(DELAY_TIME);
  37   1          sda = 1;
  38   1        I2C_Delay(DELAY_TIME);
  39   1      }
  40          
  41          //
  42          void I2CSendByte(unsigned char byt)
  43          {
  44   1          unsigned char i;
  45   1        
  46   1          for(i=0; i<8; i++){
  47   2              scl = 0;
  48   2          I2C_Delay(DELAY_TIME);
  49   2              if(byt & 0x80){
  50   3                  sda = 1;
  51   3              }
  52   2              else{
  53   3                  sda = 0;
  54   3              }
C51 COMPILER V9.60.0.0   IIC                                                               03/29/2023 18:26:40 PAGE 2   

  55   2          I2C_Delay(DELAY_TIME);
  56   2              scl = 1;
  57   2              byt <<= 1;
  58   2          I2C_Delay(DELAY_TIME);
  59   2          }
  60   1        
  61   1          scl = 0;  
  62   1      }
  63          
  64          //
  65          unsigned char I2CReceiveByte(void)
  66          {
  67   1        unsigned char da;
  68   1        unsigned char i;
  69   1        for(i=0;i<8;i++){   
  70   2          scl = 1;
  71   2          I2C_Delay(DELAY_TIME);
  72   2          da <<= 1;
  73   2          if(sda) 
  74   2            da |= 0x01;
  75   2          scl = 0;
  76   2          I2C_Delay(DELAY_TIME);
  77   2        }
  78   1        return da;    
  79   1      }
  80          
  81          //
  82          unsigned char I2CWaitAck(void)
  83          {
  84   1        unsigned char ackbit;
  85   1        
  86   1          scl = 1;
  87   1        I2C_Delay(DELAY_TIME);
  88   1          ackbit = sda; 
  89   1          scl = 0;
  90   1        I2C_Delay(DELAY_TIME);
  91   1        
  92   1        return ackbit;
  93   1      }
  94          
  95          //
  96          void I2CSendAck(unsigned char ackbit)
  97          {
  98   1          scl = 0;
  99   1          sda = ackbit; 
 100   1        I2C_Delay(DELAY_TIME);
 101   1          scl = 1;
 102   1        I2C_Delay(DELAY_TIME);
 103   1          scl = 0; 
 104   1        sda = 1;
 105   1        I2C_Delay(DELAY_TIME);
 106   1      }
 107          
 108          
 109          //**********************************
 110          void WriteEeprom(u8 add,u8 dat)
 111          {
 112   1        I2CStart();
 113   1        I2CSendByte(0xa0);
 114   1        I2CWaitAck();
 115   1        I2CSendByte(add);
 116   1        I2CWaitAck();
C51 COMPILER V9.60.0.0   IIC                                                               03/29/2023 18:26:40 PAGE 3   

 117   1        I2CSendByte(dat);
 118   1        I2CWaitAck(); 
 119   1        I2CStop();
 120   1        
 121   1      }
 122          u8 ReadEeprom(u8 add)
 123          {
 124   1        u8 ret  ;
 125   1        
 126   1        I2CStart();
 127   1        I2CSendByte(0xa0);
 128   1        I2CWaitAck();
 129   1        I2CSendByte(add);
 130   1        I2CWaitAck();
 131   1        
 132   1        I2CStart();
 133   1        I2CSendByte(0xa1);
 134   1        I2CWaitAck();
 135   1        ret = I2CReceiveByte(); 
 136   1        I2CSendAck(1);
 137   1        I2CStop();
 138   1        
 139   1        return ret ;
 140   1        
 141   1      }
 142          u8 ReadAdc(u8 ch)
 143          {
 144   1        u8 ret  ;
 145   1        
 146   1        I2CStart();
 147   1        I2CSendByte(0x90);
 148   1        I2CWaitAck();
 149   1        I2CSendByte(ch);
 150   1        I2CWaitAck();
 151   1        
 152   1        I2CStart();
 153   1        I2CSendByte(0x91);
 154   1        I2CWaitAck();
 155   1        ret = I2CReceiveByte(); 
 156   1        I2CSendAck(1);
 157   1        I2CStop();
 158   1        
 159   1        return ret ;
 160   1        
 161   1      }
 162          void Dacout(u8 val)
 163          {
 164   1        I2CStart();
 165   1        I2CSendByte(0x90);
 166   1        I2CWaitAck();
 167   1        I2CSendByte(0x40);
 168   1        I2CWaitAck();
 169   1        I2CSendByte(val);
 170   1        I2CWaitAck(); 
 171   1        I2CStop();
 172   1      }
 173          
 174          


MODULE INFORMATION:   STATIC OVERLAYABLE
   CODE SIZE        =    296    ----
C51 COMPILER V9.60.0.0   IIC                                                               03/29/2023 18:26:40 PAGE 4   

   CONSTANT SIZE    =   ----    ----
   XDATA SIZE       =   ----    ----
   PDATA SIZE       =   ----    ----
   DATA SIZE        =   ----    ----
   IDATA SIZE       =   ----    ----
   BIT SIZE         =   ----    ----
END OF MODULE INFORMATION.


C51 COMPILATION COMPLETE.  0 WARNING(S),  0 ERROR(S)
