C51 COMPILER V9.60.0.0   SMG                                                               03/29/2023 18:26:40 PAGE 1   


C51 COMPILER V9.60.0.0, COMPILATION OF MODULE SMG
OBJECT MODULE PLACED IN .\Objects\smg.obj
COMPILER INVOKED BY: D:\MDK\C51\BIN\C51.EXE Libaray\Hardware\smg.c OPTIMIZE(8,SPEED) BROWSE INCDIR(.\Libaray\System;.\Li
                    -baray\Hardware) DEBUG OBJECTEXTEND PRINT(.\Listings\smg.lst) TABS(2) OBJECT(.\Objects\smg.obj)

line level    source

   1          #include "smg.h"
   2          
   3          
   4          u8 code smgcode[]={0x3F,0x06,0x5B,0x4F,0x66,0x6D,0x7D,0x07,0x7F,0x6F,0x00};
   5          u8 smgbuf[8] = {0x00,0x00,0x00,0x00,0x00,0x00,0x00,0x00,};
   6          
   7          void ScanfSmg(void)
   8          {
   9   1        static u8 i = 0;
  10   1        DeviceCtrl(0xc0,0x00);//消隐
  11   1        DeviceCtrl(0xe0,~smgbuf[i]);//段选
  12   1        DeviceCtrl(0xc0,(0x01<<i));//位选
  13   1        
  14   1        i = (i+1)%8;
  15   1      }


MODULE INFORMATION:   STATIC OVERLAYABLE
   CODE SIZE        =     47    ----
   CONSTANT SIZE    =     11    ----
   XDATA SIZE       =   ----    ----
   PDATA SIZE       =   ----    ----
   DATA SIZE        =      9    ----
   IDATA SIZE       =   ----    ----
   BIT SIZE         =   ----    ----
END OF MODULE INFORMATION.


C51 COMPILATION COMPLETE.  0 WARNING(S),  0 ERROR(S)
