C51 COMPILER V9.60.0.0   SONIC                                                             03/29/2023 18:26:41 PAGE 1   


C51 COMPILER V9.60.0.0, COMPILATION OF MODULE SONIC
OBJECT MODULE PLACED IN .\Objects\sonic.obj
COMPILER INVOKED BY: D:\MDK\C51\BIN\C51.EXE Libaray\Hardware\sonic.c OPTIMIZE(8,SPEED) BROWSE INCDIR(.\Libaray\System;.\
                    -Libaray\Hardware) DEBUG OBJECTEXTEND PRINT(.\Listings\sonic.lst) TABS(2) OBJECT(.\Objects\sonic.obj)

line level    source

   1          #include "sonic.h"
   2          
   3          sbit TX = P1^0;
   4          sbit RX = P1^1;
   5          
   6          void Timer0Init(void)   //1毫秒@12.000MHz
   7          {
   8   1        AUXR &= 0x7F;   //定时器时钟12T模式
   9   1        TMOD &= 0xF0;   //设置定时器模式
  10   1        TMOD |= 0x01;   //设置定时器模式
  11   1        
  12   1        TL0 = 0x00;   //设置定时初值
  13   1        TH0 = 0x00;   //设置定时初值
  14   1        TF0 = 0;    //清除TF0标志
  15   1        TR0 = 0;    //定时器0暂时不开
  16   1      }
  17          
  18          void sendwave()
  19          {
  20   1        u8 i=0;
  21   1        for(i=0;i<8;i++){
  22   2          TX =1;
  23   2          Delay13us();
  24   2          TX =0;
  25   2          Delay13us();
  26   2        }
  27   1      }
  28          
  29          u16 GetDistance()
  30          {
  31   1        u16 distance = 0;
  32   1        
  33   1        TH0 = 0 ;TL0 = 0;TF0 = 0;
  34   1        sendwave();
  35   1        TR0 = 1;
  36   1        while(RX==1 && TF0==0);
  37   1        TR0 = 0;
  38   1        TF0 = 0;
  39   1        distance = (((TH0<<8)|TL0)*0.017); //CM
  40   1        
  41   1        return distance;
  42   1        
  43   1      }


MODULE INFORMATION:   STATIC OVERLAYABLE
   CODE SIZE        =    105    ----
   CONSTANT SIZE    =   ----    ----
   XDATA SIZE       =   ----    ----
   PDATA SIZE       =   ----    ----
   DATA SIZE        =   ----       3
   IDATA SIZE       =   ----    ----
   BIT SIZE         =   ----    ----
END OF MODULE INFORMATION.

C51 COMPILER V9.60.0.0   SONIC                                                             03/29/2023 18:26:41 PAGE 2   


C51 COMPILATION COMPLETE.  0 WARNING(S),  0 ERROR(S)
