C51 COMPILER V9.60.0.0   TIMER                                                             03/29/2023 18:26:40 PAGE 1   


C51 COMPILER V9.60.0.0, COMPILATION OF MODULE TIMER
OBJECT MODULE PLACED IN .\Objects\timer.obj
COMPILER INVOKED BY: D:\MDK\C51\BIN\C51.EXE Libaray\System\timer.c OPTIMIZE(8,SPEED) BROWSE INCDIR(.\Libaray\System;.\Li
                    -baray\Hardware) DEBUG OBJECTEXTEND PRINT(.\Listings\timer.lst) TABS(2) OBJECT(.\Objects\timer.obj)

line level    source

   1          #include "timer.h"
   2          
   3          void Timer2Init(void)   //1毫秒@12.000MHz
   4          {
   5   1        AUXR |= 0x04;   //定时器时钟1T模式
   6   1        T2L = 0x20;   //设置定时初值
   7   1        T2H = 0xD1;   //设置定时初值
   8   1        AUXR |= 0x10;   //定时器2开始计时
   9   1        
  10   1        IE2 |= 0x04;
  11   1        EA = 1;
  12   1        
  13   1      }
  14          
  15          
  16          


MODULE INFORMATION:   STATIC OVERLAYABLE
   CODE SIZE        =     18    ----
   CONSTANT SIZE    =   ----    ----
   XDATA SIZE       =   ----    ----
   PDATA SIZE       =   ----    ----
   DATA SIZE        =   ----    ----
   IDATA SIZE       =   ----    ----
   BIT SIZE         =   ----    ----
END OF MODULE INFORMATION.


C51 COMPILATION COMPLETE.  0 WARNING(S),  0 ERROR(S)
