C51 COMPILER V9.60.0.0   UART                                                              03/29/2023 18:26:41 PAGE 1   


C51 COMPILER V9.60.0.0, COMPILATION OF MODULE UART
OBJECT MODULE PLACED IN .\Objects\uart.obj
COMPILER INVOKED BY: D:\MDK\C51\BIN\C51.EXE Libaray\Hardware\uart.c OPTIMIZE(8,SPEED) BROWSE INCDIR(.\Libaray\System;.\L
                    -ibaray\Hardware) DEBUG OBJECTEXTEND PRINT(.\Listings\uart.lst) TABS(2) OBJECT(.\Objects\uart.obj)

line level    source

   1          #include "uart.h"
   2          
   3          
   4          void SendByte(u8 dat)
   5          {
   6   1        SBUF = dat;
   7   1        while(!TI);
   8   1        TI = 0;
   9   1      }
  10          
  11          void SendString(char *str)
  12          {
  13   1        while(*str != '\0'){
  14   2          SendByte(*str++);
  15   2        }
  16   1      }
  17          
  18          void UartInit(void)   //115200bps@12.000MHz
  19          {
  20   1        SCON = 0x50;    //8位数据,可变波特率
  21   1        AUXR |= 0x40;   //定时器1时钟为Fosc,即1T
  22   1        AUXR &= 0xFE;   //串口1选择定时器1为波特率发生器
  23   1        TMOD &= 0x0F;   //设定定时器1为16位自动重装方式
  24   1        TL1 = 0xE6;   //设定定时初值
  25   1        TH1 = 0xFF;   //设定定时初值
  26   1        ET1 = 0;    //禁止定时器1中断
  27   1        TR1 = 1;    //启动定时器1
  28   1        
  29   1        ES =1;
  30   1        EA =1;
  31   1      }


MODULE INFORMATION:   STATIC OVERLAYABLE
   CODE SIZE        =     72    ----
   CONSTANT SIZE    =   ----    ----
   XDATA SIZE       =   ----    ----
   PDATA SIZE       =   ----    ----
   DATA SIZE        =   ----       3
   IDATA SIZE       =   ----    ----
   BIT SIZE         =   ----    ----
END OF MODULE INFORMATION.


C51 COMPILATION COMPLETE.  0 WARNING(S),  0 ERROR(S)
